<?xml version="1.0" encoding="UTF-8"?>
<!-- Generated by org.testng.reporters.JUnitReportReporter -->
<testsuite skipped="0" hostname="Lenovo-PC" name="Com_ActiTime__Test.InvalidLoginTest" tests="1" failures="0" timestamp="05 Oct 2020 06:39:23 GMT" time="22.315" errors="0">
  <testcase name="invalidLogin" time="22.315" classname="Com_ActiTime__Test.InvalidLoginTest"/>
</testsuite> <!-- Com_ActiTime__Test.InvalidLoginTest -->
