<?xml version="1.0" encoding="UTF-8"?>
<!-- Generated by org.testng.reporters.JUnitReportReporter -->
<testsuite skipped="0" hostname="Lenovo-PC" name="Com_ActiTime__Test.ValidLoginLogoutTest" tests="1" failures="0" timestamp="05 Oct 2020 06:39:23 GMT" time="24.629" errors="0">
  <testcase name="loginLogout" time="24.629" classname="Com_ActiTime__Test.ValidLoginLogoutTest"/>
</testsuite> <!-- Com_ActiTime__Test.ValidLoginLogoutTest -->
